Base path: D:/PROGRAMS/Unity 5.5.0f3/Editor/Data
Cmd: getPlatforms
Cmd: preprocess
  insize=9582 outsize=1784 ok=1
Cmd: preprocess
  insize=1112 outsize=483 ok=1
Cmd: preprocess
  insize=11374 outsize=604 ok=1
Cmd: preprocess
  insize=1461 outsize=461 ok=1
Cmd: preprocess
  insize=452 outsize=452 ok=1
Cmd: preprocess
  insize=1251 outsize=485 ok=1
Cmd: preprocess
  insize=1683 outsize=1876 ok=1
Cmd: preprocess
  insize=1206 outsize=370 ok=1
Cmd: preprocess
  insize=3596 outsize=856 ok=1
Cmd: preprocess
  insize=11647 outsize=675 ok=1
Cmd: preprocess
  insize=1764 outsize=319 ok=1
Cmd: preprocess
  insize=2117 outsize=720 ok=1
Cmd: preprocess
  insize=20798 outsize=3731 ok=1
Cmd: preprocess
  insize=3183 outsize=321 ok=1
Cmd: preprocess
  insize=1046 outsize=456 ok=1
Cmd: preprocess
  insize=1264 outsize=1261 ok=1
Cmd: preprocess
  insize=986 outsize=318 ok=1
Cmd: preprocess
  insize=1402 outsize=490 ok=1
Cmd: preprocess
  insize=1051 outsize=277 ok=1
Cmd: preprocess
  insize=3064 outsize=411 ok=1
Cmd: preprocess
  insize=4175 outsize=2183 ok=1
Cmd: preprocess
  insize=1264 outsize=485 ok=1
Cmd: preprocess
  insize=866 outsize=452 ok=1
Cmd: preprocess
  insize=19696 outsize=3099 ok=1
Cmd: preprocess
  insize=1540 outsize=627 ok=1
Cmd: preprocess
  insize=2120 outsize=459 ok=1
Cmd: preprocess
  insize=1456 outsize=374 ok=1
Cmd: preprocess
  insize=1027 outsize=480 ok=1
Cmd: preprocess
  insize=2339 outsize=295 ok=1
Cmd: preprocess
  insize=4082 outsize=576 ok=1
Cmd: preprocess
  insize=958 outsize=445 ok=1
Cmd: preprocess
  insize=5216 outsize=1680 ok=1
Cmd: preprocess
  insize=1926 outsize=553 ok=1
Cmd: preprocess
  insize=2130 outsize=608 ok=1
Cmd: preprocess
  insize=1173 outsize=569 ok=1
Cmd: preprocess
  insize=1518 outsize=1819 ok=1
Cmd: preprocess
  insize=1970 outsize=1008 ok=1
Cmd: preprocess
  insize=1146 outsize=427 ok=1
Cmd: preprocess
  insize=525 outsize=1393 ok=1
Cmd: preprocess
  insize=804 outsize=435 ok=1
Cmd: preprocess
  insize=1196 outsize=635 ok=1
Cmd: preprocess
  insize=27558 outsize=6017 ok=1
Cmd: preprocess
  insize=1329 outsize=477 ok=1
Cmd: preprocess
  insize=1291 outsize=372 ok=1
Cmd: preprocess
  insize=6918 outsize=666 ok=1
Cmd: preprocess
  insize=1691 outsize=604 ok=1
Cmd: preprocess
  insize=1362 outsize=276 ok=1
Cmd: preprocess
  insize=1097 outsize=956 ok=1
Cmd: preprocess
  insize=1940 outsize=559 ok=1
Cmd: preprocess
  insize=3736 outsize=374 ok=1
Cmd: preprocess
  insize=1465 outsize=561 ok=1
Cmd: preprocess
  insize=6066 outsize=1841 ok=1
Cmd: preprocess
  insize=1165 outsize=537 ok=1
Cmd: preprocess
  insize=3029 outsize=662 ok=1
Cmd: preprocess
  insize=1348 outsize=483 ok=1
Cmd: preprocess
  insize=1413 outsize=526 ok=1
Cmd: preprocess
  insize=940 outsize=263 ok=1
Cmd: preprocess
  insize=1258 outsize=557 ok=1
Cmd: preprocess
  insize=1579 outsize=354 ok=1
Cmd: preprocess
  insize=1539 outsize=315 ok=1
Cmd: preprocess
  insize=1920 outsize=235 ok=1
Cmd: preprocess
  insize=3731 outsize=516 ok=1
Cmd: preprocess
  insize=1628 outsize=555 ok=1
Cmd: preprocess
  insize=6619 outsize=2535 ok=1
Cmd: preprocess
  insize=2264 outsize=298 ok=1
Cmd: preprocess
  insize=1473 outsize=316 ok=1
Cmd: preprocess
  insize=1458 outsize=551 ok=1
Cmd: preprocess
  insize=32278 outsize=1540 ok=1
Cmd: preprocess
  insize=1394 outsize=290 ok=1
Cmd: preprocess
  insize=2392 outsize=616 ok=1
Cmd: preprocess
  insize=1019 outsize=237 ok=1
Cmd: preprocess
  insize=741 outsize=287 ok=1
Cmd: preprocess
  insize=6615 outsize=842 ok=1
Cmd: preprocess
  insize=2724 outsize=1368 ok=1
Cmd: preprocess
  insize=523 outsize=242 ok=1
Cmd: preprocess
  insize=3313 outsize=970 ok=1
Cmd: preprocess
  insize=4390 outsize=1210 ok=1
Cmd: preprocess
  insize=33689 outsize=238 ok=1
Cmd: preprocess
  insize=1264 outsize=228 ok=1
Cmd: preprocess
  insize=4681 outsize=439 ok=1
Cmd: preprocess
  insize=7323 outsize=838 ok=1
Cmd: preprocess
  insize=756 outsize=435 ok=1
Cmd: preprocess
  insize=1192 outsize=439 ok=1
Cmd: preprocess
  insize=10211 outsize=2377 ok=1
Cmd: preprocess
  insize=1050 outsize=235 ok=1
Cmd: preprocess
  insize=1228 outsize=613 ok=1
Cmd: preprocess
  insize=6050 outsize=1506 ok=1
Cmd: preprocess
  insize=1387 outsize=484 ok=1
Cmd: preprocess
  insize=984 outsize=299 ok=1
Cmd: preprocess
  insize=6707 outsize=497 ok=1
Cmd: preprocess
  insize=13909 outsize=1728 ok=1
Cmd: preprocess
  insize=1084 outsize=321 ok=1
Cmd: preprocess
  insize=1980 outsize=1474 ok=1
Cmd: preprocess
  insize=2571 outsize=780 ok=1
Cmd: preprocess
  insize=6440 outsize=615 ok=1
Cmd: preprocess
  insize=1933 outsize=300 ok=1
Cmd: preprocess
  insize=2970 outsize=642 ok=1
Cmd: preprocess
  insize=11925 outsize=640 ok=1
Cmd: preprocess
  insize=1155 outsize=484 ok=1
Cmd: preprocess
  insize=1833 outsize=652 ok=1
Cmd: preprocess
  insize=12171 outsize=2491 ok=1
Cmd: preprocess
  insize=2925 outsize=1172 ok=1
Cmd: preprocess
  insize=3976 outsize=1586 ok=1
Cmd: preprocess
  insize=4286 outsize=558 ok=1
Cmd: preprocess
  insize=14348 outsize=2055 ok=1
Cmd: preprocess
  insize=2006 outsize=399 ok=1
Cmd: preprocess
  insize=1638 outsize=638 ok=1
Cmd: preprocess
  insize=1159 outsize=454 ok=1
Cmd: preprocess
  insize=994 outsize=483 ok=1
Cmd: preprocess
  insize=868 outsize=368 ok=1
Cmd: preprocess
  insize=1116 outsize=577 ok=1
Cmd: preprocess
  insize=1489 outsize=479 ok=1
Cmd: preprocess
  insize=2875 outsize=656 ok=1
Cmd: preprocess
  insize=1370 outsize=453 ok=1
Cmd: preprocess
  insize=2542 outsize=770 ok=1
Cmd: preprocess
  insize=2014 outsize=263 ok=1
Cmd: preprocess
  insize=2380 outsize=666 ok=1
Cmd: preprocess
  insize=2443 outsize=1172 ok=1
Cmd: preprocess
  insize=27076 outsize=3597 ok=1
Cmd: preprocess
  insize=4160 outsize=466 ok=1
Cmd: preprocess
  insize=2681 outsize=3035 ok=1
Cmd: preprocess
  insize=1715 outsize=368 ok=1
Cmd: preprocess
  insize=761 outsize=397 ok=1
Cmd: preprocess
  insize=2227 outsize=268 ok=1
Cmd: preprocess
  insize=1872 outsize=578 ok=1
Cmd: preprocess
  insize=1932 outsize=567 ok=1
Cmd: preprocess
  insize=1231 outsize=322 ok=1
Cmd: preprocess
  insize=4844 outsize=1404 ok=1
Cmd: preprocess
  insize=1251 outsize=398 ok=1
Cmd: preprocess
  insize=776 outsize=234 ok=1
Cmd: preprocess
  insize=4350 outsize=1557 ok=1
Cmd: preprocess
  insize=4127 outsize=1365 ok=1
Cmd: preprocess
  insize=1706 outsize=645 ok=1
Cmd: preprocess
  insize=2030 outsize=649 ok=1
Cmd: preprocess
  insize=1262 outsize=560 ok=1
Cmd: preprocess
  insize=6104 outsize=733 ok=1
Cmd: preprocess
  insize=6293 outsize=619 ok=1
Cmd: preprocess
  insize=1165 outsize=782 ok=1
Cmd: preprocess
  insize=620 outsize=331 ok=1
Cmd: preprocess
  insize=8905 outsize=901 ok=1
Cmd: preprocess
  insize=1523 outsize=495 ok=1
Cmd: preprocess
  insize=33698 outsize=238 ok=1
Cmd: preprocess
  insize=1049 outsize=542 ok=1
Cmd: preprocess
  insize=922 outsize=470 ok=1
Cmd: preprocess
  insize=2441 outsize=816 ok=1
Cmd: preprocess
  insize=705 outsize=242 ok=1
Cmd: preprocess
  insize=1167 outsize=480 ok=1
Cmd: preprocess
  insize=5459 outsize=1736 ok=1
Cmd: preprocess
  insize=5174 outsize=1633 ok=1
Cmd: preprocess
  insize=19969 outsize=3412 ok=1
Cmd: preprocess
  insize=2379 outsize=1054 ok=1
Cmd: preprocess
  insize=1393 outsize=344 ok=1
Cmd: preprocess
  insize=7126 outsize=219 ok=1
Cmd: preprocess
  insize=5648 outsize=380 ok=1
Cmd: preprocess
  insize=3427 outsize=243 ok=1
Cmd: preprocess
  insize=5547 outsize=773 ok=1
Cmd: preprocess
  insize=1474 outsize=636 ok=1
Cmd: preprocess
  insize=1134 outsize=470 ok=1
Cmd: preprocess
  insize=1077 outsize=577 ok=1
Cmd: preprocess
  insize=4623 outsize=633 ok=1
Cmd: preprocess
  insize=1373 outsize=372 ok=1
Cmd: preprocess
  insize=6154 outsize=1157 ok=1
Cmd: preprocess
  insize=770 outsize=273 ok=1
Cmd: preprocess
  insize=757 outsize=283 ok=1
Cmd: preprocess
  insize=1042 outsize=426 ok=1
Cmd: preprocess
  insize=4109 outsize=1720 ok=1
Cmd: preprocess
  insize=4500 outsize=537 ok=1
Cmd: preprocess
  insize=442 outsize=1308 ok=1
Cmd: preprocess
  insize=915 outsize=262 ok=1
Cmd: preprocess
  insize=3208 outsize=1526 ok=1
Cmd: preprocess
  insize=1528 outsize=259 ok=1
Cmd: preprocess
  insize=2135 outsize=937 ok=1
Cmd: preprocess
  insize=2119 outsize=965 ok=1
Cmd: preprocess
  insize=1978 outsize=955 ok=1
Cmd: preprocess
  insize=2840 outsize=1980 ok=1
Cmd: preprocess
  insize=5384 outsize=644 ok=1
Cmd: preprocess
  insize=1806 outsize=712 ok=1
Cmd: preprocess
  insize=4374 outsize=1583 ok=1
Cmd: preprocess
  insize=1137 outsize=461 ok=1
Cmd: preprocess
  insize=1210 outsize=354 ok=1
Cmd: preprocess
  insize=2180 outsize=604 ok=1
Cmd: preprocess
  insize=553 outsize=223 ok=1
Cmd: preprocess
  insize=767 outsize=280 ok=1
Cmd: preprocess
  insize=5652 outsize=761 ok=1
Cmd: preprocess
  insize=4403 outsize=1161 ok=1
Cmd: compileCompute
  api=4 insize=1431 outsize=2177 ok=1
Cmd: compileCompute
  api=4 insize=3267 outsize=4809 ok=1
Cmd: compileCompute
  api=4 insize=1522 outsize=1909 ok=1
Cmd: compileCompute
  api=4 insize=2341 outsize=1365 ok=1
